<?xml version="1.0" encoding="UTF-8"?>
<!-- Generated by org.testng.reporters.JUnitXMLReporter -->
<testsuite hostname="IN002DCE" ignored="4" name="Test" tests="7" failures="5" timestamp="2022-12-12T18:40:46 IST" time="77.848" errors="0">
  <testcase name="verifyList" time="8.22" classname="controlExample.HandleDropdown"/>
  <testcase name="verifyList2" time="3.766" classname="controlExample.HandleDropdown"/>
  <testcase name="verifyConfirmAlert" time="3.006" classname="controlExample.HandleAlert">
    <failure type="java.lang.NullPointerException">
      <![CDATA[java.lang.NullPointerException
at controlExample.HandleAlert.verifyConfirmAlert(HandleAlert.java:47)
at java.util.ArrayList.forEach(Unknown Source)
... Removed 27 stack frames]]>
    </failure>
  </testcase> <!-- verifyConfirmAlert -->
  <testcase name="verifyPromptAlert" time="3.011" classname="controlExample.HandleAlert">
    <failure type="java.lang.NullPointerException">
      <![CDATA[java.lang.NullPointerException
at controlExample.HandleAlert.verifyPromptAlert(HandleAlert.java:89)
at java.util.ArrayList.forEach(Unknown Source)
... Removed 27 stack frames]]>
    </failure>
  </testcase> <!-- verifyPromptAlert -->
  <testcase name="verifySimpleAlert" time="3.006" classname="controlExample.HandleAlert">
    <failure type="java.lang.NullPointerException">
      <![CDATA[java.lang.NullPointerException
at controlExample.HandleAlert.verifySimpleAlert(HandleAlert.java:16)
at java.util.ArrayList.forEach(Unknown Source)
... Removed 27 stack frames]]>
    </failure>
  </testcase> <!-- verifySimpleAlert -->
  <testcase name="verifyCheckbox" time="0.001" classname="controlExample.HandleCheckboxRadiButton">
    <failure type="java.lang.NullPointerException">
      <![CDATA[java.lang.NullPointerException
at controlExample.HandleCheckboxRadiButton.verifyCheckbox(HandleCheckboxRadiButton.java:12)
at java.util.ArrayList.forEach(Unknown Source)
... Removed 27 stack frames]]>
    </failure>
  </testcase> <!-- verifyCheckbox -->
  <testcase name="verifyRadioButton" time="0.002" classname="controlExample.HandleCheckboxRadiButton">
    <failure type="java.lang.NullPointerException">
      <![CDATA[java.lang.NullPointerException
at controlExample.HandleCheckboxRadiButton.verifyRadioButton(HandleCheckboxRadiButton.java:19)
at java.util.ArrayList.forEach(Unknown Source)
... Removed 27 stack frames]]>
    </failure>
  </testcase> <!-- verifyRadioButton -->
  <testcase name="@AfterTest closeApp" time="0.0" classname="controlExample.BaseTest">
    <ignored/>
  </testcase> <!-- @AfterTest closeApp -->
  <testcase name="@BeforeTest launchApp" time="0.0" classname="controlExample.BaseTest">
    <ignored/>
  </testcase> <!-- @BeforeTest launchApp -->
  <testcase name="@BeforeTest launchApp" time="0.0" classname="controlExample.BaseTest">
    <ignored/>
  </testcase> <!-- @BeforeTest launchApp -->
  <testcase name="@AfterTest closeApp" time="0.0" classname="controlExample.BaseTest">
    <ignored/>
  </testcase> <!-- @AfterTest closeApp -->
</testsuite> <!-- Test -->
