<?xml version="1.0" encoding="UTF-8"?>
<testng-results ignored="0" total="1" passed="1" failed="0" skipped="0">
  <reporter-output>
  </reporter-output>
  <suite started-at="2023-01-30T20:11:51 IST" name="Default suite" finished-at="2023-01-30T20:12:11 IST" duration-ms="19789">
    <groups>
    </groups>
    <test started-at="2023-01-30T20:11:51 IST" name="Default test" finished-at="2023-01-30T20:12:11 IST" duration-ms="19789">
      <class name="TC09.LoginTest">
        <test-method signature="AddCustomer()[pri:0, instance:TC09.LoginTest@2ed2d9cb]" started-at="2023-01-30T20:11:51 IST" name="AddCustomer" finished-at="2023-01-30T20:12:11 IST" duration-ms="19735" status="PASS">
          <reporter-output>
          </reporter-output>
        </test-method> <!-- AddCustomer -->
      </class> <!-- TC09.LoginTest -->
    </test> <!-- Default test -->
  </suite> <!-- Default suite -->
</testng-results>
